0 info it worked if it ends with ok
1 verbose cli [ '/usr/bin/nodejs',
1 verbose cli   '/usr/bin/npm',
1 verbose cli   'publish',
1 verbose cli   './',
1 verbose cli   '--tag',
1 verbose cli   'alpha' ]
2 info using npm@3.7.3
3 info using node@v5.8.0
4 verbose publish [ './' ]
5 silly cache add args [ './', null ]
6 verbose cache add spec ./
7 silly cache add parsed spec Result {
7 silly cache add   raw: './',
7 silly cache add   scope: null,
7 silly cache add   name: null,
7 silly cache add   rawSpec: './',
7 silly cache add   spec: '/home/thomas/git/microservice-anarchy',
7 silly cache add   type: 'directory' }
8 verbose addLocalDirectory /home/thomas/.npm/microservice-anarchy/0.0.1/package.tgz not in flight; packing
9 verbose correctMkdir /home/thomas/.npm correctMkdir not in flight; initializing
10 info lifecycle microservice-anarchy@0.0.1~prepublish: microservice-anarchy@0.0.1
11 silly lifecycle microservice-anarchy@0.0.1~prepublish: no script for prepublish, continuing
12 verbose tar pack [ '/home/thomas/.npm/microservice-anarchy/0.0.1/package.tgz',
12 verbose tar pack   '/home/thomas/git/microservice-anarchy' ]
13 verbose tarball /home/thomas/.npm/microservice-anarchy/0.0.1/package.tgz
14 verbose folder /home/thomas/git/microservice-anarchy
15 verbose addLocalTarball adding from inside cache /home/thomas/.npm/microservice-anarchy/0.0.1/package.tgz
16 verbose correctMkdir /home/thomas/.npm correctMkdir not in flight; initializing
17 silly cache afterAdd microservice-anarchy@0.0.1
18 verbose afterAdd /home/thomas/.npm/microservice-anarchy/0.0.1/package/package.json not in flight; writing
19 verbose correctMkdir /home/thomas/.npm correctMkdir not in flight; initializing
20 verbose afterAdd /home/thomas/.npm/microservice-anarchy/0.0.1/package/package.json written
21 silly publish { name: 'microservice-anarchy',
21 silly publish   version: '0.0.1',
21 silly publish   contributors: [ { name: 'Thomas Bezuidenhout', email: 'thomas@tifu.co.za' } ],
21 silly publish   description: 'Small library for ExpressJS to register a microservice with some registry endpoint',
21 silly publish   repository:
21 silly publish    { type: 'git',
21 silly publish      url: 'git+https://github.com/CrAzE124/microservice-anarchy.git' },
21 silly publish   main: 'anarchy.js',
21 silly publish   license: 'MIT',
21 silly publish   homepage: 'http://tifu.co.za',
21 silly publish   private: false,
21 silly publish   dependencies: { superagent: '^1.8.3' },
21 silly publish   readme: '# Anarchy\n\nA microservice registry client easy-maker, i.e. a simple way to register a service with some service registry endpoint\n\n## Usage\n\n```js\n//In bin/www.js\nvar anarchy = require(\'anarchy\');\n```\n\nThat\'s it. If you want to *find* a service, all you need to do is run\n\n```js\nvar finder = require(\'anarchy\');\n\nvar endpoint = finder(\'some-other-microservice\');\n```\n\nThat, also, is it.\n\nFeel free to add some PR\'s or whatever. I was semi-drunk while writing this. No unit tests either.\n',
21 silly publish   readmeFilename: 'README.md',
21 silly publish   gitHead: '3ab03d34a9be8fb78adac53558eae6a68e707a56',
21 silly publish   bugs: { url: 'https://github.com/CrAzE124/microservice-anarchy/issues' },
21 silly publish   _id: 'microservice-anarchy@0.0.1',
21 silly publish   scripts: {},
21 silly publish   _shasum: '0dd5c38fe08ac35edfabebfe7afa1c9900bedb30',
21 silly publish   _from: '.' }
22 verbose getPublishConfig undefined
23 silly mapToRegistry name microservice-anarchy
24 silly mapToRegistry using default registry
25 silly mapToRegistry registry https://registry.npmjs.org/
26 silly mapToRegistry uri https://registry.npmjs.org/microservice-anarchy
27 verbose publish registryBase https://registry.npmjs.org/
28 silly publish uploading /home/thomas/.npm/microservice-anarchy/0.0.1/package.tgz
29 verbose request uri https://registry.npmjs.org/microservice-anarchy
30 verbose request sending authorization for write operation
31 info attempt registry request try #1 at 11:48:32 PM
32 verbose request using bearer token for auth
33 verbose request id 5bd89b9afb3b8f17
34 http request PUT https://registry.npmjs.org/microservice-anarchy
35 http 403 https://registry.npmjs.org/microservice-anarchy
36 verbose headers { 'content-type': 'application/json',
36 verbose headers   'cache-control': 'max-age=300',
36 verbose headers   'content-length': '95',
36 verbose headers   'accept-ranges': 'bytes',
36 verbose headers   date: 'Sun, 03 Apr 2016 21:48:34 GMT',
36 verbose headers   via: '1.1 varnish',
36 verbose headers   connection: 'keep-alive',
36 verbose headers   'x-served-by': 'cache-lhr6324-LHR',
36 verbose headers   'x-cache': 'MISS',
36 verbose headers   'x-cache-hits': '0',
36 verbose headers   'x-timer': 'S1459720113.254254,VS0,VE934' }
37 verbose request invalidating /home/thomas/.npm/registry.npmjs.org/microservice-anarchy on PUT
38 error publish Failed PUT 403
39 verbose stack Error: "You cannot publish over the previously published version 0.0.1." : microservice-anarchy
39 verbose stack     at makeError (/usr/lib/node_modules/npm/node_modules/npm-registry-client/lib/request.js:264:12)
39 verbose stack     at CachingRegistryClient.<anonymous> (/usr/lib/node_modules/npm/node_modules/npm-registry-client/lib/request.js:252:14)
39 verbose stack     at Request._callback (/usr/lib/node_modules/npm/node_modules/npm-registry-client/lib/request.js:172:14)
39 verbose stack     at Request.self.callback (/usr/lib/node_modules/npm/node_modules/request/request.js:199:22)
39 verbose stack     at emitTwo (events.js:100:13)
39 verbose stack     at Request.emit (events.js:185:7)
39 verbose stack     at Request.<anonymous> (/usr/lib/node_modules/npm/node_modules/request/request.js:1036:10)
39 verbose stack     at emitOne (events.js:95:20)
39 verbose stack     at Request.emit (events.js:182:7)
39 verbose stack     at IncomingMessage.<anonymous> (/usr/lib/node_modules/npm/node_modules/request/request.js:963:12)
40 verbose statusCode 403
41 verbose pkgid microservice-anarchy
42 verbose cwd /home/thomas/git/microservice-anarchy
43 error Linux 3.19.0-51-generic
44 error argv "/usr/bin/nodejs" "/usr/bin/npm" "publish" "./" "--tag" "alpha"
45 error node v5.8.0
46 error npm  v3.7.3
47 error code E403
48 error "You cannot publish over the previously published version 0.0.1." : microservice-anarchy
49 error If you need help, you may report this error at:
49 error     <https://github.com/npm/npm/issues>
50 verbose exit [ 1, true ]
